<?xml version="1.0" encoding="UTF-8"?>
<testng-results skipped="0" failed="0" ignored="0" total="1" passed="1">
  <reporter-output>
  </reporter-output>
  <suite name="CrossBrowser Testing" duration-ms="29623" started-at="2018-08-17T12:38:08Z" finished-at="2018-08-17T12:38:37Z">
    <groups>
    </groups>
    <test name="Chrome Test" duration-ms="29623" started-at="2018-08-17T12:38:08Z" finished-at="2018-08-17T12:38:37Z">
      <class name="com.spinportal.admin.testscript.TestLoginPage">
        <test-method status="PASS" signature="startProcess(java.lang.String)[pri:0, instance:com.spinportal.admin.testscript.TestLoginPage@1e88b3c]" name="startProcess" is-config="true" duration-ms="16301" started-at="2018-08-17T18:08:08Z" finished-at="2018-08-17T18:08:24Z">
          <params>
            <param index="0">
              <value>
                <![CDATA[chrome]]>
              </value>
            </param>
          </params>
          <reporter-output>
          </reporter-output>
        </test-method> <!-- startProcess -->
        <test-method status="PASS" signature="launchBrowser()[pri:0, instance:com.spinportal.admin.testscript.TestLoginPage@1e88b3c]" name="launchBrowser" duration-ms="13296" started-at="2018-08-17T18:08:24Z" finished-at="2018-08-17T18:08:37Z">
          <reporter-output>
          </reporter-output>
        </test-method> <!-- launchBrowser -->
        <test-method status="PASS" signature="endProcess()[pri:0, instance:com.spinportal.admin.testscript.TestLoginPage@1e88b3c]" name="endProcess" is-config="true" duration-ms="0" started-at="2018-08-17T18:08:37Z" finished-at="2018-08-17T18:08:37Z">
          <reporter-output>
          </reporter-output>
        </test-method> <!-- endProcess -->
      </class> <!-- com.spinportal.admin.testscript.TestLoginPage -->
    </test> <!-- Chrome Test -->
  </suite> <!-- CrossBrowser Testing -->
</testng-results>
